=== TEST RESULTS ===

============================= test session starts =============================
platform win32 -- Python 3.12.12, pytest-7.4.4, pluggy-1.5.0 -- C:\Users\ihuotui\Documents\manga-translator-gpu-v2.1.4\Miniconda3\python.exe
cachedir: .pytest_cache
rootdir: D:\workspace\trae\AutoGenesis\playwright-mcp-server
configfile: pyproject.toml
plugins: anyio-4.12.1
collecting ... collected 16 items / 6 errors

=================================== ERRORS ====================================
________________ ERROR collecting tests/test_config_manager.py ________________
ImportError while importing test module 'D:\workspace\trae\AutoGenesis\playwright-mcp-server\tests\test_config_manager.py'.
Hint: make sure your test modules/packages have valid Python names.
Traceback:
C:\Users\ihuotui\Documents\manga-translator-gpu-v2.1.4\Miniconda3\Lib\importlib\__init__.py:90: in import_module
    return _bootstrap._gcd_import(name[level:], package, level)
tests\test_config_manager.py:14: in <module>
    from utils.config_manager import ConfigManager, ConfigFileHandler
utils\__init__.py:5: in <module>
    from .config_manager import ConfigManager
utils\config_manager.py:8: in <module>
    from watchdog.observers import Observer
E   ModuleNotFoundError: No module named 'watchdog'
___________________ ERROR collecting tests/test_llm_chat.py ___________________
tests\test_llm_chat.py:12: in <module>
    from llm.chat import LLMClient, is_ai_enabled
llm\__init__.py:4: in <module>
    from llm.chat import LLMClient, is_ai_enabled
llm\chat.py:4: in <module>
    from langchain_openai import AzureChatOpenAI, ChatOpenAI
C:\Users\ihuotui\Documents\manga-translator-gpu-v2.1.4\Miniconda3\Lib\site-packages\langchain_openai\__init__.py:1: in <module>
    from langchain_openai.chat_models import (
C:\Users\ihuotui\Documents\manga-translator-gpu-v2.1.4\Miniconda3\Lib\site-packages\langchain_openai\chat_models\__init__.py:1: in <module>
    from langchain_openai.chat_models.azure import AzureChatOpenAI
C:\Users\ihuotui\Documents\manga-translator-gpu-v2.1.4\Miniconda3\Lib\site-packages\langchain_openai\chat_models\azure.py:13: in <module>
    from langchain_openai.chat_models.base import ChatOpenAI
C:\Users\ihuotui\Documents\manga-translator-gpu-v2.1.4\Miniconda3\Lib\site-packages\langchain_openai\chat_models\base.py:28: in <module>
    from langchain_core.callbacks import (
C:\Users\ihuotui\Documents\manga-translator-gpu-v2.1.4\Miniconda3\Lib\site-packages\langchain_core\callbacks\__init__.py:13: in <module>
    from langchain_core.callbacks.manager import (
C:\Users\ihuotui\Documents\manga-translator-gpu-v2.1.4\Miniconda3\Lib\site-packages\langchain_core\callbacks\manager.py:29: in <module>
    from langsmith.run_helpers import get_run_tree_context
C:\Users\ihuotui\Documents\manga-translator-gpu-v2.1.4\Miniconda3\Lib\site-packages\langsmith\__init__.py:10: in <module>
    from langsmith.client import Client
C:\Users\ihuotui\Documents\manga-translator-gpu-v2.1.4\Miniconda3\Lib\site-packages\langsmith\client.py:47: in <module>
    from langsmith import env as ls_env
C:\Users\ihuotui\Documents\manga-translator-gpu-v2.1.4\Miniconda3\Lib\site-packages\langsmith\env\__init__.py:3: in <module>
    from langsmith.env._runtime_env import (
C:\Users\ihuotui\Documents\manga-translator-gpu-v2.1.4\Miniconda3\Lib\site-packages\langsmith\env\_runtime_env.py:9: in <module>
    from langsmith.utils import get_docker_compose_command
C:\Users\ihuotui\Documents\manga-translator-gpu-v2.1.4\Miniconda3\Lib\site-packages\langsmith\utils.py:12: in <module>
    from langsmith import schemas as ls_schemas
C:\Users\ihuotui\Documents\manga-translator-gpu-v2.1.4\Miniconda3\Lib\site-packages\langsmith\schemas.py:62: in <module>
    class Example(ExampleBase):
C:\Users\ihuotui\Documents\manga-translator-gpu-v2.1.4\Miniconda3\Lib\site-packages\pydantic\v1\main.py:286: in __new__
    cls.__try_update_forward_refs__()
C:\Users\ihuotui\Documents\manga-translator-gpu-v2.1.4\Miniconda3\Lib\site-packages\pydantic\v1\main.py:807: in __try_update_forward_refs__
    update_model_forward_refs(cls, cls.__fields__.values(), cls.__config__.json_encoders, localns, (NameError,))
C:\Users\ihuotui\Documents\manga-translator-gpu-v2.1.4\Miniconda3\Lib\site-packages\pydantic\v1\typing.py:554: in update_model_forward_refs
    update_field_forward_refs(f, globalns=globalns, localns=localns)
C:\Users\ihuotui\Documents\manga-translator-gpu-v2.1.4\Miniconda3\Lib\site-packages\pydantic\v1\typing.py:520: in update_field_forward_refs
    field.type_ = evaluate_forwardref(field.type_, globalns, localns or None)
C:\Users\ihuotui\Documents\manga-translator-gpu-v2.1.4\Miniconda3\Lib\site-packages\pydantic\v1\typing.py:66: in evaluate_forwardref
    return cast(Any, type_)._evaluate(globalns, localns, set())
E   TypeError: ForwardRef._evaluate() missing 1 required keyword-only argument: 'recursive_guard'
__________________ ERROR collecting tests/test_llm_prompt.py __________________
tests\test_llm_prompt.py:12: in <module>
    from llm.prompt import img_task_prompt, ImgTaskResponse, web_task_prompt, WebTaskResponse
llm\__init__.py:4: in <module>
    from llm.chat import LLMClient, is_ai_enabled
llm\chat.py:4: in <module>
    from langchain_openai import AzureChatOpenAI, ChatOpenAI
C:\Users\ihuotui\Documents\manga-translator-gpu-v2.1.4\Miniconda3\Lib\site-packages\langchain_openai\__init__.py:1: in <module>
    from langchain_openai.chat_models import (
C:\Users\ihuotui\Documents\manga-translator-gpu-v2.1.4\Miniconda3\Lib\site-packages\langchain_openai\chat_models\__init__.py:1: in <module>
    from langchain_openai.chat_models.azure import AzureChatOpenAI
C:\Users\ihuotui\Documents\manga-translator-gpu-v2.1.4\Miniconda3\Lib\site-packages\langchain_openai\chat_models\azure.py:13: in <module>
    from langchain_openai.chat_models.base import ChatOpenAI
C:\Users\ihuotui\Documents\manga-translator-gpu-v2.1.4\Miniconda3\Lib\site-packages\langchain_openai\chat_models\base.py:28: in <module>
    from langchain_core.callbacks import (
C:\Users\ihuotui\Documents\manga-translator-gpu-v2.1.4\Miniconda3\Lib\site-packages\langchain_core\callbacks\__init__.py:13: in <module>
    from langchain_core.callbacks.manager import (
C:\Users\ihuotui\Documents\manga-translator-gpu-v2.1.4\Miniconda3\Lib\site-packages\langchain_core\callbacks\manager.py:29: in <module>
    from langsmith.run_helpers import get_run_tree_context
C:\Users\ihuotui\Documents\manga-translator-gpu-v2.1.4\Miniconda3\Lib\site-packages\langsmith\__init__.py:10: in <module>
    from langsmith.client import Client
C:\Users\ihuotui\Documents\manga-translator-gpu-v2.1.4\Miniconda3\Lib\site-packages\langsmith\client.py:47: in <module>
    from langsmith import env as ls_env
C:\Users\ihuotui\Documents\manga-translator-gpu-v2.1.4\Miniconda3\Lib\site-packages\langsmith\env\__init__.py:3: in <module>
    from langsmith.env._runtime_env import (
C:\Users\ihuotui\Documents\manga-translator-gpu-v2.1.4\Miniconda3\Lib\site-packages\langsmith\env\_runtime_env.py:9: in <module>
    from langsmith.utils import get_docker_compose_command
C:\Users\ihuotui\Documents\manga-translator-gpu-v2.1.4\Miniconda3\Lib\site-packages\langsmith\utils.py:12: in <module>
    from langsmith import schemas as ls_schemas
C:\Users\ihuotui\Documents\manga-translator-gpu-v2.1.4\Miniconda3\Lib\site-packages\langsmith\schemas.py:62: in <module>
    class Example(ExampleBase):
C:\Users\ihuotui\Documents\manga-translator-gpu-v2.1.4\Miniconda3\Lib\site-packages\pydantic\v1\main.py:286: in __new__
    cls.__try_update_forward_refs__()
C:\Users\ihuotui\Documents\manga-translator-gpu-v2.1.4\Miniconda3\Lib\site-packages\pydantic\v1\main.py:807: in __try_update_forward_refs__
    update_model_forward_refs(cls, cls.__fields__.values(), cls.__config__.json_encoders, localns, (NameError,))
C:\Users\ihuotui\Documents\manga-translator-gpu-v2.1.4\Miniconda3\Lib\site-packages\pydantic\v1\typing.py:554: in update_model_forward_refs
    update_field_forward_refs(f, globalns=globalns, localns=localns)
C:\Users\ihuotui\Documents\manga-translator-gpu-v2.1.4\Miniconda3\Lib\site-packages\pydantic\v1\typing.py:520: in update_field_forward_refs
    field.type_ = evaluate_forwardref(field.type_, globalns, localns or None)
C:\Users\ihuotui\Documents\manga-translator-gpu-v2.1.4\Miniconda3\Lib\site-packages\pydantic\v1\typing.py:66: in evaluate_forwardref
    return cast(Any, type_)._evaluate(globalns, localns, set())
E   TypeError: ForwardRef._evaluate() missing 1 required keyword-only argument: 'recursive_guard'
_______________ ERROR collecting tests/test_playwright_tool.py ________________
ImportError while importing test module 'D:\workspace\trae\AutoGenesis\playwright-mcp-server\tests\test_playwright_tool.py'.
Hint: make sure your test modules/packages have valid Python names.
Traceback:
C:\Users\ihuotui\Documents\manga-translator-gpu-v2.1.4\Miniconda3\Lib\importlib\__init__.py:90: in import_module
    return _bootstrap._gcd_import(name[level:], package, level)
tests\test_playwright_tool.py:14: in <module>
    from tools.playwright_tool import get_playwright_locator, register_playwright_tools
tools\playwright_tool.py:10: in <module>
    from utils.response_format import format_tool_response, init_tool_response, handle_page_source
utils\__init__.py:5: in <module>
    from .config_manager import ConfigManager
utils\config_manager.py:8: in <module>
    from watchdog.observers import Observer
E   ModuleNotFoundError: No module named 'watchdog'
_______________ ERROR collecting tests/test_response_format.py ________________
ImportError while importing test module 'D:\workspace\trae\AutoGenesis\playwright-mcp-server\tests\test_response_format.py'.
Hint: make sure your test modules/packages have valid Python names.
Traceback:
C:\Users\ihuotui\Documents\manga-translator-gpu-v2.1.4\Miniconda3\Lib\importlib\__init__.py:90: in import_module
    return _bootstrap._gcd_import(name[level:], package, level)
tests\test_response_format.py:13: in <module>
    from utils.response_format import (
utils\__init__.py:5: in <module>
    from .config_manager import ConfigManager
utils\config_manager.py:8: in <module>
    from watchdog.observers import Observer
E   ModuleNotFoundError: No module named 'watchdog'
_________________ ERROR collecting tests/test_verify_tools.py _________________
ImportError while importing test module 'D:\workspace\trae\AutoGenesis\playwright-mcp-server\tests\test_verify_tools.py'.
Hint: make sure your test modules/packages have valid Python names.
Traceback:
C:\Users\ihuotui\Documents\manga-translator-gpu-v2.1.4\Miniconda3\Lib\importlib\__init__.py:90: in import_module
    return _bootstrap._gcd_import(name[level:], package, level)
tests\test_verify_tools.py:13: in <module>
    from tools.verify_tools import register_verify_tools
tools\verify_tools.py:7: in <module>
    from utils.response_format import format_tool_response, init_tool_response, handle_page_source
utils\__init__.py:5: in <module>
    from .config_manager import ConfigManager
utils\config_manager.py:8: in <module>
    from watchdog.observers import Observer
E   ModuleNotFoundError: No module named 'watchdog'
============================== warnings summary ===============================
C:\Users\ihuotui\Documents\manga-translator-gpu-v2.1.4\Miniconda3\Lib\site-packages\_pytest\config\__init__.py:1373
  C:\Users\ihuotui\Documents\manga-translator-gpu-v2.1.4\Miniconda3\Lib\site-packages\_pytest\config\__init__.py:1373: PytestConfigWarning: Unknown config option: asyncio_mode
  
    self._warn_or_fail_if_strict(f"Unknown config option: {key}\n")

-- Docs: https://docs.pytest.org/en/stable/how-to/capture-warnings.html
=========================== short test summary info ===========================
ERROR tests/test_config_manager.py
ERROR tests/test_llm_chat.py - TypeError: ForwardRef._evaluate() missing 1 re...
ERROR tests/test_llm_prompt.py - TypeError: ForwardRef._evaluate() missing 1 ...
ERROR tests/test_playwright_tool.py
ERROR tests/test_response_format.py
ERROR tests/test_verify_tools.py
!!!!!!!!!!!!!!!!!!! Interrupted: 6 errors during collection !!!!!!!!!!!!!!!!!!!
======================== 1 warning, 6 errors in 20.26s ========================


=== ERRORS ===



=== RETURN CODE: 2 ===
